10/12/2018 07:44:34\tdebug\tsending query \tkind=fl
\tsrchUl=
\togrninnul=
\tnamul=
\tregionul=
\tsrchFl=ogrn
\togrninnfl=
\tfam=
\tnam=
\totch=
\tregion=
\tcaptcha=202382
\tcaptchaToken=46D49A7330BE0E7869FC4FCB11C78FE820D2BF9556C07CBB8B97E06FB5C5E53D9F30F5BE56D6E17A29C951CAA5914D68
10/12/2018 07:44:34\tdebug\tGot response 
10/12/2018 07:55:38\tdebug\tsending query \tkind=fl
\tsrchUl=
\togrninnul=
\tnamul=
\tregionul=
\tsrchFl=ogrn
\togrninnfl=
\tfam=
\tnam=
\totch=
\tregion=
\tcaptcha=921527
\tcaptchaToken=C1722D94AB295630AD85972E61A11B7F1169E99A651C848EF2FB5815C5D9CD6D
10/12/2018 07:30:39\tdebug\tsending query \tkind=fl
\tsrchUl=
\togrninnul=
\tnamul=
\tregionul=
\tsrchFl=ogrn
\togrninnfl=
\tfam=
\tnam=
\totch=
\tregion=
\tcaptcha=921527
\tcaptchaToken=C1722D94AB295630AD85972E61A11B7F1169E99A651C848EF2FB5815C5D9CD6D
10/12/2018 07:03:40\tdebug\tsending query \tkind=fl
\tsrchUl=
\togrninnul=
\tnamul=
\tregionul=
\tsrchFl=ogrn
\togrninnfl=
\tfam=
\tnam=
\totch=
\tregion=
\tcaptcha=921527
\tcaptchaToken=C1722D94AB295630AD85972E61A11B7F1169E99A651C848EF2FB5815C5D9CD6D
10/12/2018 07:37:41\tdebug\tsending query \tkind=fl
\tsrchUl=
\togrninnul=
\tnamul=
\tregionul=
\tsrchFl=ogrn
\togrninnfl=
\tfam=
\tnam=
\totch=
\tregion=
\tcaptcha=921527
\tcaptchaToken=C1722D94AB295630AD85972E61A11B7F1169E99A651C848EF2FB5815C5D9CD6D
